SF:lib\features\map\data\building_data.dart
DA:8,12
DA:9,8
DA:10,8
DA:11,8
DA:12,8
DA:13,8
DA:14,8
DA:15,4
DA:16,4
DA:17,4
DA:18,4
DA:19,4
DA:20,4
DA:21,8
DA:22,8
DA:23,4
DA:24,4
DA:25,4
DA:26,4
DA:27,4
DA:28,4
DA:29,4
DA:30,4
DA:31,4
DA:32,4
DA:33,4
DA:34,4
DA:35,4
DA:37,4
DA:38,4
DA:40,4
DA:41,4
DA:43,4
DA:44,4
DA:45,4
DA:46,8
DA:47,8
DA:48,4
DA:49,4
DA:50,8
DA:54,12
DA:55,8
DA:56,8
DA:57,8
DA:58,8
DA:59,8
DA:60,8
DA:61,8
DA:62,8
DA:63,8
DA:64,8
DA:65,8
DA:66,8
DA:67,8
DA:68,8
DA:69,8
DA:70,8
DA:71,8
DA:72,8
DA:73,8
DA:74,8
DA:75,8
DA:76,8
DA:77,8
DA:78,8
DA:79,8
DA:80,8
DA:81,8
DA:82,8
DA:83,8
DA:84,8
DA:85,8
DA:86,8
DA:87,8
DA:91,12
DA:92,4
DA:93,4
DA:94,4
DA:95,4
DA:96,4
DA:97,4
DA:98,4
DA:99,4
DA:100,4
DA:101,4
DA:102,4
DA:103,4
DA:104,4
DA:105,4
DA:106,8
DA:107,8
DA:108,4
DA:109,4
DA:110,4
DA:111,4
DA:112,4
DA:113,4
DA:114,4
DA:115,4
DA:116,4
DA:117,4
DA:118,4
DA:119,4
DA:120,4
DA:121,4
DA:122,4
DA:124,4
DA:125,8
DA:126,8
DA:127,8
DA:128,8
DA:129,4
DA:130,4
DA:131,8
DA:132,8
DA:133,8
DA:134,8
DA:135,4
DA:137,4
DA:138,4
DA:139,4
DA:140,4
DA:142,4
DA:143,4
DA:145,4
DA:146,4
DA:148,4
DA:149,4
DA:151,4
DA:152,4
DA:154,4
DA:155,4
DA:156,4
DA:157,8
DA:158,4
DA:159,4
DA:160,4
DA:162,4
DA:163,4
DA:164,4
DA:165,4
DA:167,4
DA:168,4
DA:169,4
DA:170,4
DA:171,4
DA:172,4
DA:173,4
DA:174,4
DA:176,4
DA:177,4
DA:179,4
DA:180,4
DA:182,4
DA:183,4
DA:185,4
DA:186,4
DA:188,4
DA:189,4
DA:191,4
DA:192,4
DA:193,4
DA:194,4
DA:195,4
DA:196,4
DA:197,4
DA:198,4
DA:199,4
DA:200,4
DA:201,4
DA:202,4
DA:203,4
DA:204,4
DA:205,4
DA:206,4
DA:207,4
DA:208,4
DA:209,4
DA:210,4
DA:212,4
DA:213,4
DA:215,4
DA:216,4
DA:218,4
DA:223,12
DA:224,20
DA:225,20
DA:226,20
DA:230,3
DA:231,2
DA:232,3
DA:233,3
LF:192
LH:192
end_of_record
SF:lib\features\map\models\building.dart
DA:8,5
DA:10,5
DA:11,30
LF:3
LH:3
end_of_record
SF:lib\features\map\pages\map_page.dart
DA:15,1
DA:17,1
DA:18,1
DA:25,1
DA:27,1
DA:28,1
DA:31,1
DA:32,3
DA:33,0
DA:34,0
DA:38,1
DA:40,2
DA:41,1
DA:44,1
DA:46,1
DA:47,1
DA:48,1
DA:49,1
DA:50,2
DA:53,1
DA:54,1
DA:60,1
DA:61,0
DA:62,0
DA:63,0
DA:64,0
DA:73,1
DA:74,3
DA:75,0
DA:76,0
DA:77,0
DA:79,0
DA:85,1
LF:33
LH:23
end_of_record
SF:lib\features\map\services\location_service.dart
DA:5,4
DA:6,4
DA:7,0
DA:8,0
DA:9,0
DA:14,2
DA:18,1
DA:19,0
DA:20,0
DA:21,0
DA:22,0
DA:26,0
DA:30,3
DA:31,3
DA:32,0
DA:33,0
DA:34,0
DA:36,0
DA:38,0
LF:19
LH:6
end_of_record
SF:lib\features\schedule\models\schedule.dart
DA:10,3
DA:17,2
DA:18,2
DA:19,2
DA:20,2
DA:21,2
DA:22,4
DA:23,4
DA:27,2
DA:28,2
DA:29,2
DA:30,2
DA:31,2
DA:32,6
LF:14
LH:14
end_of_record
SF:lib\features\map\services\map_service.dart
DA:7,1
DA:8,2
DA:10,5
DA:12,1
LF:4
LH:4
end_of_record
SF:lib\features\map\pages\map_route_page.dart
DA:15,3
DA:17,3
DA:18,3
DA:29,3
DA:31,3
DA:33,6
DA:34,0
DA:36,6
DA:37,0
DA:38,0
DA:40,0
DA:44,6
DA:45,0
DA:46,0
DA:48,0
DA:49,3
DA:50,0
DA:54,0
DA:55,0
DA:56,0
DA:60,0
DA:61,0
DA:63,0
DA:65,0
DA:66,0
DA:67,0
DA:69,0
DA:70,0
DA:71,0
DA:72,0
DA:74,0
DA:78,0
DA:79,0
DA:80,0
DA:81,0
DA:82,0
DA:87,0
DA:90,0
DA:91,0
DA:92,0
DA:93,0
DA:97,0
DA:98,0
DA:99,0
DA:100,0
DA:104,0
DA:105,0
DA:107,0
DA:108,0
DA:110,0
DA:111,0
DA:113,0
DA:114,0
DA:115,0
DA:116,0
DA:119,3
DA:121,3
DA:127,0
DA:128,0
DA:129,0
DA:130,0
DA:131,0
DA:132,0
DA:133,0
DA:134,0
DA:136,0
DA:138,0
DA:139,0
DA:143,0
DA:144,0
DA:146,0
DA:147,0
DA:153,0
DA:154,0
DA:155,0
DA:156,0
DA:157,0
DA:158,0
DA:160,0
DA:161,0
DA:165,0
DA:166,0
DA:167,0
DA:169,0
DA:170,0
DA:171,0
DA:174,0
DA:176,0
DA:184,0
DA:185,0
DA:190,0
DA:198,0
DA:199,0
DA:200,0
DA:206,0
DA:208,0
DA:209,0
LF:97
LH:11
end_of_record
SF:lib\features\map\services\route_service.dart
DA:10,0
DA:11,0
DA:15,0
DA:16,0
DA:18,0
DA:19,0
DA:22,0
DA:24,0
DA:31,0
DA:32,0
DA:33,0
DA:34,0
DA:36,0
DA:37,0
DA:38,0
LF:15
LH:0
end_of_record
SF:lib\features\schedule\services\schedule_storage.dart
DA:8,1
DA:9,1
DA:10,5
DA:11,1
DA:14,6
DA:15,6
DA:16,1
DA:17,0
DA:18,5
LF:9
LH:8
end_of_record
SF:lib\features\schedule\pages\calendar_view_page.dart
DA:7,6
DA:9,1
DA:10,1
DA:19,1
DA:21,1
DA:22,2
DA:23,1
DA:26,1
DA:27,1
DA:28,0
DA:30,0
DA:31,0
DA:32,0
DA:33,0
DA:36,0
DA:37,0
DA:38,0
DA:39,0
DA:43,0
DA:44,0
DA:45,0
DA:48,1
DA:49,7
DA:52,1
DA:54,1
DA:55,1
DA:56,1
DA:57,1
DA:58,1
DA:59,1
DA:60,1
DA:61,1
DA:62,3
DA:63,1
DA:64,0
DA:65,0
DA:66,0
DA:67,0
DA:68,0
DA:83,1
DA:84,1
DA:85,2
DA:86,0
DA:87,0
DA:88,0
DA:90,0
DA:91,0
LF:47
LH:25
end_of_record
SF:lib\features\schedule\pages\schedule_input_page.dart
DA:12,3
DA:14,2
DA:15,2
DA:27,2
DA:29,2
DA:30,2
DA:31,2
DA:32,2
DA:35,2
DA:37,4
DA:38,4
DA:39,2
DA:42,2
DA:43,2
DA:44,0
DA:45,0
DA:47,0
DA:48,0
DA:51,0
DA:52,0
DA:53,0
DA:54,0
DA:57,0
DA:61,0
DA:62,0
DA:63,0
DA:64,0
DA:65,0
DA:66,0
DA:72,0
DA:73,0
DA:74,0
DA:75,0
DA:76,0
DA:77,0
DA:79,0
DA:80,0
DA:81,0
DA:83,0
DA:85,0
DA:86,0
DA:87,0
DA:88,0
DA:91,0
DA:92,0
DA:93,0
DA:96,0
DA:97,0
DA:98,0
DA:99,0
DA:100,0
DA:101,0
DA:102,0
DA:103,0
DA:104,0
DA:105,0
DA:106,0
DA:107,0
DA:108,0
DA:112,0
DA:113,0
DA:116,0
DA:117,0
DA:118,0
DA:119,0
DA:120,0
DA:121,0
DA:122,0
DA:125,0
DA:126,0
DA:129,0
DA:130,0
DA:131,0
DA:132,0
DA:133,0
DA:137,0
DA:138,0
DA:139,0
DA:140,0
DA:141,0
DA:142,0
DA:143,0
DA:147,2
DA:149,2
DA:150,2
DA:151,2
DA:153,2
DA:154,2
DA:156,2
DA:158,2
DA:159,0
DA:160,0
DA:162,0
DA:172,2
DA:173,2
DA:174,2
DA:175,2
DA:176,2
DA:177,4
DA:178,14
DA:180,2
DA:181,2
DA:182,0
DA:183,0
DA:184,0
DA:187,0
DA:188,2
DA:189,2
DA:192,2
DA:193,2
DA:194,2
DA:195,2
LF:112
LH:37
end_of_record
SF:lib\features\schedule\widgets\schedule_form.dart
DA:15,3
DA:29,3
DA:31,3
DA:32,3
DA:33,3
DA:34,3
DA:38,3
DA:40,3
DA:41,6
DA:42,3
DA:43,9
DA:44,3
DA:45,3
DA:48,3
DA:50,3
DA:51,3
DA:52,3
DA:53,2
DA:54,3
DA:55,3
DA:56,3
DA:57,3
DA:60,3
DA:61,3
DA:62,6
DA:64,3
DA:65,5
DA:70,12
LF:28
LH:28
end_of_record
SF:lib\features\schedule\widgets\schedule_list.dart
DA:12,3
DA:19,3
DA:21,3
DA:22,10
DA:23,2
DA:24,1
DA:25,1
DA:27,1
DA:29,1
DA:30,1
DA:32,1
DA:33,1
DA:34,1
DA:35,1
DA:36,0
DA:37,1
DA:38,2
DA:39,1
DA:40,3
DA:42,1
DA:43,0
DA:44,0
DA:45,0
DA:47,0
DA:59,1
DA:60,1
DA:61,0
DA:62,0
DA:63,0
DA:64,0
DA:65,0
DA:66,0
LF:32
LH:21
end_of_record
SF:lib\main.dart
DA:4,0
DA:5,0
DA:9,3
DA:11,1
DA:12,1
DA:18,0
DA:19,0
DA:20,0
DA:24,1
DA:26,1
DA:29,1
DA:33,1
DA:37,1
DA:38,1
DA:39,2
DA:40,1
LF:16
LH:11
end_of_record
SF:lib\pages\home_page.dart
DA:9,2
DA:15,2
DA:16,2
DA:26,1
DA:27,3
DA:30,2
DA:32,2
DA:33,6
DA:34,2
DA:35,0
DA:37,6
DA:39,2
DA:40,2
DA:41,2
LF:14
LH:13
end_of_record
